<?xml version="1.0" encoding="UTF-8"?>
<testsuites>
  <testsuite id="0" name="C:\Users\JoséIbáñezBengoechea\DevOps-TimeLog\src\Tests\WorkItemFormGroup\WorkItemFormGroup.test.tsx" errors="0" package="C:\Users\JoséIbáñezBengoechea\DevOps-TimeLog\src\Tests\WorkItemFormGroup\WorkItemFormGroup.test.tsx" hostname="localhost" tests="0" failures="0" time="0" timestamp="1970-01-01T00:00:00">
    <properties>
    </properties>
    <system-out/>
    <system-err/>
  </testsuite>
</testsuites>